  Mesh.cpp
c:\users\hyun o sung\desktop\personal\unreal lecture\graphics lecture\dxengine\dxengine09_diffuse\engine\mesh.h(59): warning C4267: 'return': 'size_t'에서 'int'(으)로 변환하면서 데이터가 손실될 수 있습니다.
c:\users\hyun o sung\desktop\personal\unreal lecture\graphics lecture\dxengine\dxengine09_diffuse\engine\mesh.h(60): warning C4267: 'return': 'size_t'에서 'int'(으)로 변환하면서 데이터가 손실될 수 있습니다.
c:\users\hyun o sung\desktop\personal\unreal lecture\graphics lecture\dxengine\dxengine09_diffuse\library\fbxloader.h(8): fatal error C1083: 포함 파일을 열 수 없습니다. 'fbxsdk.h': No such file or directory
  PixelShader.cpp
c:\users\hyun o sung\desktop\personal\unreal lecture\graphics lecture\dxengine\dxengine09_diffuse\engine\pixelshader.cpp(25): error C2664: 'HRESULT D3DCompileFromFile(LPCWSTR,const D3D_SHADER_MACRO *,ID3DInclude *,LPCSTR,LPCSTR,UINT,UINT,ID3DBlob **,ID3DBlob **)': 인수 1을(를) 'LPCTSTR'에서 'LPCWSTR'(으)로 변환할 수 없습니다.
  c:\users\hyun o sung\desktop\personal\unreal lecture\graphics lecture\dxengine\dxengine09_diffuse\engine\pixelshader.cpp(27): note: 가리킨 형식이 관련이 없습니다. 변환하려면 reinterpret_cast, C 스타일 캐스트 또는 함수 스타일 캐스트가 필요합니다.
c:\users\hyun o sung\desktop\personal\unreal lecture\graphics lecture\dxengine\dxengine09_diffuse\engine\pixelshader.cpp(41): error C2664: 'HRESULT D3DReadFileToBlob(LPCWSTR,ID3DBlob **)': 인수 1을(를) 'LPCTSTR'에서 'LPCWSTR'(으)로 변환할 수 없습니다.
  c:\users\hyun o sung\desktop\personal\unreal lecture\graphics lecture\dxengine\dxengine09_diffuse\engine\pixelshader.cpp(41): note: 가리킨 형식이 관련이 없습니다. 변환하려면 reinterpret_cast, C 스타일 캐스트 또는 함수 스타일 캐스트가 필요합니다.
  Texture.cpp
c:\users\hyun o sung\desktop\personal\unreal lecture\graphics lecture\dxengine\dxengine09_diffuse\engine\texture.cpp(73): error C2664: 'errno_t _wsplitpath_s(const wchar_t *,wchar_t *,size_t,wchar_t *,size_t,wchar_t *,size_t,wchar_t *,size_t)': 인수 1을(를) 'LPCTSTR'에서 'const wchar_t *'(으)로 변환할 수 없습니다.
  c:\users\hyun o sung\desktop\personal\unreal lecture\graphics lecture\dxengine\dxengine09_diffuse\engine\texture.cpp(78): note: 가리킨 형식이 관련이 없습니다. 변환하려면 reinterpret_cast, C 스타일 캐스트 또는 함수 스타일 캐스트가 필요합니다.
c:\users\hyun o sung\desktop\personal\unreal lecture\graphics lecture\dxengine\dxengine09_diffuse\engine\texture.cpp(81): error C2664: 'int wcscmp(const wchar_t *,const wchar_t *)': 인수 1을(를) 'TCHAR [10]'에서 'const wchar_t *'(으)로 변환할 수 없습니다.
  c:\users\hyun o sung\desktop\personal\unreal lecture\graphics lecture\dxengine\dxengine09_diffuse\engine\texture.cpp(81): note: 가리킨 형식이 관련이 없습니다. 변환하려면 reinterpret_cast, C 스타일 캐스트 또는 함수 스타일 캐스트가 필요합니다.
c:\users\hyun o sung\desktop\personal\unreal lecture\graphics lecture\dxengine\dxengine09_diffuse\engine\texture.cpp(82): error C2664: 'int wcscmp(const wchar_t *,const wchar_t *)': 인수 1을(를) 'TCHAR [10]'에서 'const wchar_t *'(으)로 변환할 수 없습니다.
  c:\users\hyun o sung\desktop\personal\unreal lecture\graphics lecture\dxengine\dxengine09_diffuse\engine\texture.cpp(82): note: 가리킨 형식이 관련이 없습니다. 변환하려면 reinterpret_cast, C 스타일 캐스트 또는 함수 스타일 캐스트가 필요합니다.
c:\users\hyun o sung\desktop\personal\unreal lecture\graphics lecture\dxengine\dxengine09_diffuse\engine\texture.cpp(83): error C2664: 'HRESULT DirectX::LoadFromTGAFile(const wchar_t *,DirectX::TexMetadata *,DirectX::ScratchImage &)': 인수 1을(를) 'LPCTSTR'에서 'const wchar_t *'(으)로 변환할 수 없습니다.
  c:\users\hyun o sung\desktop\personal\unreal lecture\graphics lecture\dxengine\dxengine09_diffuse\engine\texture.cpp(83): note: 가리킨 형식이 관련이 없습니다. 변환하려면 reinterpret_cast, C 스타일 캐스트 또는 함수 스타일 캐스트가 필요합니다.
c:\users\hyun o sung\desktop\personal\unreal lecture\graphics lecture\dxengine\dxengine09_diffuse\engine\texture.cpp(85): error C2664: 'int wcscmp(const wchar_t *,const wchar_t *)': 인수 1을(를) 'TCHAR [10]'에서 'const wchar_t *'(으)로 변환할 수 없습니다.
  c:\users\hyun o sung\desktop\personal\unreal lecture\graphics lecture\dxengine\dxengine09_diffuse\engine\texture.cpp(85): note: 가리킨 형식이 관련이 없습니다. 변환하려면 reinterpret_cast, C 스타일 캐스트 또는 함수 스타일 캐스트가 필요합니다.
c:\users\hyun o sung\desktop\personal\unreal lecture\graphics lecture\dxengine\dxengine09_diffuse\engine\texture.cpp(86): error C2664: 'int wcscmp(const wchar_t *,const wchar_t *)': 인수 1을(를) 'TCHAR [10]'에서 'const wchar_t *'(으)로 변환할 수 없습니다.
  c:\users\hyun o sung\desktop\personal\unreal lecture\graphics lecture\dxengine\dxengine09_diffuse\engine\texture.cpp(86): note: 가리킨 형식이 관련이 없습니다. 변환하려면 reinterpret_cast, C 스타일 캐스트 또는 함수 스타일 캐스트가 필요합니다.
c:\users\hyun o sung\desktop\personal\unreal lecture\graphics lecture\dxengine\dxengine09_diffuse\engine\texture.cpp(87): error C2664: 'HRESULT DirectX::LoadFromDDSFile(const wchar_t *,DWORD,DirectX::TexMetadata *,DirectX::ScratchImage &)': 인수 1을(를) 'LPCTSTR'에서 'const wchar_t *'(으)로 변환할 수 없습니다.
  c:\users\hyun o sung\desktop\personal\unreal lecture\graphics lecture\dxengine\dxengine09_diffuse\engine\texture.cpp(87): note: 가리킨 형식이 관련이 없습니다. 변환하려면 reinterpret_cast, C 스타일 캐스트 또는 함수 스타일 캐스트가 필요합니다.
c:\users\hyun o sung\desktop\personal\unreal lecture\graphics lecture\dxengine\dxengine09_diffuse\engine\texture.cpp(90): error C2664: 'HRESULT DirectX::LoadFromWICFile(const wchar_t *,DWORD,DirectX::TexMetadata *,DirectX::ScratchImage &,std::function<void (IWICMetadataQueryReader *)>)': 인수 1을(를) 'LPCTSTR'에서 'const wchar_t *'(으)로 변환할 수 없습니다.
  c:\users\hyun o sung\desktop\personal\unreal lecture\graphics lecture\dxengine\dxengine09_diffuse\engine\texture.cpp(90): note: 가리킨 형식이 관련이 없습니다. 변환하려면 reinterpret_cast, C 스타일 캐스트 또는 함수 스타일 캐스트가 필요합니다.
  VertexShader.cpp
c:\users\hyun o sung\desktop\personal\unreal lecture\graphics lecture\dxengine\dxengine09_diffuse\engine\vertexshader.cpp(26): error C2664: 'HRESULT D3DCompileFromFile(LPCWSTR,const D3D_SHADER_MACRO *,ID3DInclude *,LPCSTR,LPCSTR,UINT,UINT,ID3DBlob **,ID3DBlob **)': 인수 1을(를) 'LPCTSTR'에서 'LPCWSTR'(으)로 변환할 수 없습니다.
  c:\users\hyun o sung\desktop\personal\unreal lecture\graphics lecture\dxengine\dxengine09_diffuse\engine\vertexshader.cpp(26): note: 가리킨 형식이 관련이 없습니다. 변환하려면 reinterpret_cast, C 스타일 캐스트 또는 함수 스타일 캐스트가 필요합니다.
c:\users\hyun o sung\desktop\personal\unreal lecture\graphics lecture\dxengine\dxengine09_diffuse\engine\vertexshader.cpp(39): error C2664: 'HRESULT D3DReadFileToBlob(LPCWSTR,ID3DBlob **)': 인수 1을(를) 'LPCTSTR'에서 'LPCWSTR'(으)로 변환할 수 없습니다.
  c:\users\hyun o sung\desktop\personal\unreal lecture\graphics lecture\dxengine\dxengine09_diffuse\engine\vertexshader.cpp(39): note: 가리킨 형식이 관련이 없습니다. 변환하려면 reinterpret_cast, C 스타일 캐스트 또는 함수 스타일 캐스트가 필요합니다.
  FBXLoader.cpp
c:\users\hyun o sung\desktop\personal\unreal lecture\graphics lecture\dxengine\dxengine09_diffuse\engine\mesh.h(59): warning C4267: 'return': 'size_t'에서 'int'(으)로 변환하면서 데이터가 손실될 수 있습니다.
c:\users\hyun o sung\desktop\personal\unreal lecture\graphics lecture\dxengine\dxengine09_diffuse\engine\mesh.h(60): warning C4267: 'return': 'size_t'에서 'int'(으)로 변환하면서 데이터가 손실될 수 있습니다.
c:\users\hyun o sung\desktop\personal\unreal lecture\graphics lecture\dxengine\dxengine09_diffuse\library\fbxloader.h(8): fatal error C1083: 포함 파일을 열 수 없습니다. 'fbxsdk.h': No such file or directory
  코드를 생성하고 있습니다...
