  compilation object save succeeded; see C:\Users\Hyun O Sung\Desktop\personal\Unreal Lecture\Graphics Lecture\DXEngine\Debug\DiffusePS.cso
  compilation object save succeeded; see C:\Users\Hyun O Sung\Desktop\personal\Unreal Lecture\Graphics Lecture\DXEngine\Debug\DiffuseVS.cso
  compilation object save succeeded; see C:\Users\Hyun O Sung\Desktop\personal\Unreal Lecture\Graphics Lecture\DXEngine\Debug\PS.cso
  compilation object save succeeded; see C:\Users\Hyun O Sung\Desktop\personal\Unreal Lecture\Graphics Lecture\DXEngine\Debug\VS.cso
  AppWindow.cpp
  DXApp.cpp
  DXUtil.cpp
  Engine.cpp
c:\users\hyun o sung\desktop\personal\unreal lecture\graphics lecture\dxengine\dxengine09_diffuse\engine\engine.cpp(112): warning C4316: 'Mesh': 힙에 할당된 개체가 16에 맞추어져 있지 않을 수도 있습니다
  MainApp.cpp
  Mesh.cpp
  PixelShader.cpp
  Shader.cpp
  Texture.cpp
  Vertex.cpp
  VertexShader.cpp
  FBXLoader.cpp
  코드를 생성하고 있습니다...
DirectXTex.lib(BC.obj) : warning LNK4099: 'DirectXTex.pdb' PDB를 'DirectXTex.lib(BC.obj)' 또는 'C:\Users\Hyun O Sung\Desktop\personal\Unreal Lecture\Graphics Lecture\DXEngine\Debug\DirectXTex.pdb'에서 찾을 수 없습니다. 디버그 정보가 없는 것처럼 개체를 링크합니다.
DirectXTex.lib(BC4BC5.obj) : warning LNK4099: 'DirectXTex.pdb' PDB를 'DirectXTex.lib(BC4BC5.obj)' 또는 'C:\Users\Hyun O Sung\Desktop\personal\Unreal Lecture\Graphics Lecture\DXEngine\Debug\DirectXTex.pdb'에서 찾을 수 없습니다. 디버그 정보가 없는 것처럼 개체를 링크합니다.
DirectXTex.lib(BC6HBC7.obj) : warning LNK4099: 'DirectXTex.pdb' PDB를 'DirectXTex.lib(BC6HBC7.obj)' 또는 'C:\Users\Hyun O Sung\Desktop\personal\Unreal Lecture\Graphics Lecture\DXEngine\Debug\DirectXTex.pdb'에서 찾을 수 없습니다. 디버그 정보가 없는 것처럼 개체를 링크합니다.
DirectXTex.lib(DirectXTexCompress.obj) : warning LNK4099: 'DirectXTex.pdb' PDB를 'DirectXTex.lib(DirectXTexCompress.obj)' 또는 'C:\Users\Hyun O Sung\Desktop\personal\Unreal Lecture\Graphics Lecture\DXEngine\Debug\DirectXTex.pdb'에서 찾을 수 없습니다. 디버그 정보가 없는 것처럼 개체를 링크합니다.
DirectXTex.lib(DirectXTexConvert.obj) : warning LNK4099: 'DirectXTex.pdb' PDB를 'DirectXTex.lib(DirectXTexConvert.obj)' 또는 'C:\Users\Hyun O Sung\Desktop\personal\Unreal Lecture\Graphics Lecture\DXEngine\Debug\DirectXTex.pdb'에서 찾을 수 없습니다. 디버그 정보가 없는 것처럼 개체를 링크합니다.
DirectXTex.lib(DirectXTexD3D11.obj) : warning LNK4099: 'DirectXTex.pdb' PDB를 'DirectXTex.lib(DirectXTexD3D11.obj)' 또는 'C:\Users\Hyun O Sung\Desktop\personal\Unreal Lecture\Graphics Lecture\DXEngine\Debug\DirectXTex.pdb'에서 찾을 수 없습니다. 디버그 정보가 없는 것처럼 개체를 링크합니다.
DirectXTex.lib(DirectXTexDDS.obj) : warning LNK4099: 'DirectXTex.pdb' PDB를 'DirectXTex.lib(DirectXTexDDS.obj)' 또는 'C:\Users\Hyun O Sung\Desktop\personal\Unreal Lecture\Graphics Lecture\DXEngine\Debug\DirectXTex.pdb'에서 찾을 수 없습니다. 디버그 정보가 없는 것처럼 개체를 링크합니다.
DirectXTex.lib(DirectXTexImage.obj) : warning LNK4099: 'DirectXTex.pdb' PDB를 'DirectXTex.lib(DirectXTexImage.obj)' 또는 'C:\Users\Hyun O Sung\Desktop\personal\Unreal Lecture\Graphics Lecture\DXEngine\Debug\DirectXTex.pdb'에서 찾을 수 없습니다. 디버그 정보가 없는 것처럼 개체를 링크합니다.
DirectXTex.lib(DirectXTexMipMaps.obj) : warning LNK4099: 'DirectXTex.pdb' PDB를 'DirectXTex.lib(DirectXTexMipMaps.obj)' 또는 'C:\Users\Hyun O Sung\Desktop\personal\Unreal Lecture\Graphics Lecture\DXEngine\Debug\DirectXTex.pdb'에서 찾을 수 없습니다. 디버그 정보가 없는 것처럼 개체를 링크합니다.
DirectXTex.lib(DirectXTexTGA.obj) : warning LNK4099: 'DirectXTex.pdb' PDB를 'DirectXTex.lib(DirectXTexTGA.obj)' 또는 'C:\Users\Hyun O Sung\Desktop\personal\Unreal Lecture\Graphics Lecture\DXEngine\Debug\DirectXTex.pdb'에서 찾을 수 없습니다. 디버그 정보가 없는 것처럼 개체를 링크합니다.
DirectXTex.lib(DirectXTexUtil.obj) : warning LNK4099: 'DirectXTex.pdb' PDB를 'DirectXTex.lib(DirectXTexUtil.obj)' 또는 'C:\Users\Hyun O Sung\Desktop\personal\Unreal Lecture\Graphics Lecture\DXEngine\Debug\DirectXTex.pdb'에서 찾을 수 없습니다. 디버그 정보가 없는 것처럼 개체를 링크합니다.
DirectXTex.lib(DirectXTexWIC.obj) : warning LNK4099: 'DirectXTex.pdb' PDB를 'DirectXTex.lib(DirectXTexWIC.obj)' 또는 'C:\Users\Hyun O Sung\Desktop\personal\Unreal Lecture\Graphics Lecture\DXEngine\Debug\DirectXTex.pdb'에서 찾을 수 없습니다. 디버그 정보가 없는 것처럼 개체를 링크합니다.
  DXEngine09_Diffuse.vcxproj -> C:\Users\Hyun O Sung\Desktop\personal\Unreal Lecture\Graphics Lecture\DXEngine\Debug\DXEngine09_Diffuse.exe
